# JRE version: OpenJDK Runtime Environment (11.0.10) (build 11.0.10+0-b96-7249189)
# Java VM: OpenJDK 64-Bit Server VM (11.0.10+0-b96-7249189, mixed mode, tiered, compressed oops, g1 gc, windows-amd64)
Heap:
 garbage-first heap   total 569344K, used 204583K [0x0000000080000000, 0x0000000100000000)
  region size 1024K, 14 young (14336K), 14 survivors (14336K)
 Metaspace       used 128814K, capacity 131995K, committed 132096K, reserved 1163264K
  class space    used 16123K, capacity 17347K, committed 17408K, reserved 1048576K
GC Heap History (20 events):
Event: 9062.524 GC heap after
{Heap after GC invocations=100 (full 0):
 garbage-first heap   total 303104K, used 148636K [0x0000000080000000, 0x0000000100000000)
  region size 1024K, 2 young (2048K), 2 survivors (2048K)
 Metaspace       used 121611K, capacity 124508K, committed 124672K, reserved 1157120K
  class space    used 15169K, capacity 16299K, committed 16384K, reserved 1048576K
}
Event: 9062.745 GC heap before
{Heap before GC invocations=100 (full 0):
 garbage-first heap   total 303104K, used 226460K [0x0000000080000000, 0x0000000100000000)
  region size 1024K, 79 young (80896K), 2 survivors (2048K)
 Metaspace       used 123376K, capacity 126396K, committed 126592K, reserved 1159168K
  class space    used 15487K, capacity 16684K, committed 16768K, reserved 1048576K
}
Event: 9062.774 GC heap after
{Heap after GC invocations=101 (full 0):
 garbage-first heap   total 303104K, used 161792K [0x0000000080000000, 0x0000000100000000)
  region size 1024K, 10 young (10240K), 10 survivors (10240K)
 Metaspace       used 123376K, capacity 126396K, committed 126592K, reserved 1159168K
  class space    used 15487K, capacity 16684K, committed 16768K, reserved 1048576K
}
Event: 9063.314 GC heap before
{Heap before GC invocations=102 (full 0):
 garbage-first heap   total 303104K, used 235520K [0x0000000080000000, 0x0000000100000000)
  region size 1024K, 83 young (84992K), 10 survivors (10240K)
 Metaspace       used 126201K, capacity 129285K, committed 129664K, reserved 1161216K
  class space    used 15968K, capacity 17184K, committed 17280K, reserved 1048576K
}
Event: 9063.331 GC heap after
{Heap after GC invocations=103 (full 0):
 garbage-first heap   total 405504K, used 168176K [0x0000000080000000, 0x0000000100000000)
  region size 1024K, 6 young (6144K), 6 survivors (6144K)
 Metaspace       used 126201K, capacity 129285K, committed 129664K, reserved 1161216K
  class space    used 15968K, capacity 17184K, committed 17280K, reserved 1048576K
}
Event: 9063.371 GC heap before
{Heap before GC invocations=103 (full 0):
 garbage-first heap   total 405504K, used 181488K [0x0000000080000000, 0x0000000100000000)
  region size 1024K, 19 young (19456K), 6 survivors (6144K)
 Metaspace       used 126210K, capacity 129288K, committed 129664K, reserved 1161216K
  class space    used 15969K, capacity 17185K, committed 17280K, reserved 1048576K
}
Event: 9063.378 GC heap after
{Heap after GC invocations=104 (full 0):
 garbage-first heap   total 405504K, used 168894K [0x0000000080000000, 0x0000000100000000)
  region size 1024K, 2 young (2048K), 2 survivors (2048K)
 Metaspace       used 126210K, capacity 129288K, committed 129664K, reserved 1161216K
  class space    used 15969K, capacity 17185K, committed 17280K, reserved 1048576K
}
Event: 9063.795 GC heap before
{Heap before GC invocations=104 (full 0):
 garbage-first heap   total 405504K, used 283582K [0x0000000080000000, 0x0000000100000000)
  region size 1024K, 114 young (116736K), 2 survivors (2048K)
 Metaspace       used 127325K, capacity 130503K, committed 130816K, reserved 1163264K
  class space    used 16090K, capacity 17329K, committed 17408K, reserved 1048576K
}
Event: 9063.801 GC heap after
{Heap after GC invocations=105 (full 0):
 garbage-first heap   total 405504K, used 169420K [0x0000000080000000, 0x0000000100000000)
  region size 1024K, 2 young (2048K), 2 survivors (2048K)
 Metaspace       used 127325K, capacity 130503K, committed 130816K, reserved 1163264K
  class space    used 16090K, capacity 17329K, committed 17408K, reserved 1048576K
}
Event: 9064.639 GC heap before
{Heap before GC invocations=106 (full 0):
 garbage-first heap   total 405504K, used 328140K [0x0000000080000000, 0x0000000100000000)
  region size 1024K, 157 young (160768K), 2 survivors (2048K)
 Metaspace       used 128136K, capacity 131252K, committed 131584K, reserved 1163264K
  class space    used 16123K, capacity 17351K, committed 17408K, reserved 1048576K
}
Event: 9064.647 GC heap after
{Heap after GC invocations=107 (full 0):
 garbage-first heap   total 405504K, used 176504K [0x0000000080000000, 0x0000000100000000)
  region size 1024K, 9 young (9216K), 9 survivors (9216K)
 Metaspace       used 128136K, capacity 131252K, committed 131584K, reserved 1163264K
  class space    used 16123K, capacity 17351K, committed 17408K, reserved 1048576K
}
Event: 9065.049 GC heap before
{Heap before GC invocations=107 (full 0):
 garbage-first heap   total 405504K, used 332152K [0x0000000080000000, 0x0000000100000000)
  region size 1024K, 162 young (165888K), 9 survivors (9216K)
 Metaspace       used 128149K, capacity 131252K, committed 131584K, reserved 1163264K
  class space    used 16123K, capacity 17351K, committed 17408K, reserved 1048576K
}
Event: 9065.095 GC heap after
{Heap after GC invocations=108 (full 0):
 garbage-first heap   total 405504K, used 187947K [0x0000000080000000, 0x0000000100000000)
  region size 1024K, 20 young (20480K), 20 survivors (20480K)
 Metaspace       used 128149K, capacity 131252K, committed 131584K, reserved 1163264K
  class space    used 16123K, capacity 17351K, committed 17408K, reserved 1048576K
}
Event: 9065.601 GC heap before
{Heap before GC invocations=109 (full 0):
 garbage-first heap   total 405504K, used 328235K [0x0000000080000000, 0x0000000100000000)
  region size 1024K, 158 young (161792K), 20 survivors (20480K)
 Metaspace       used 128342K, capacity 131454K, committed 131584K, reserved 1163264K
  class space    used 16123K, capacity 17351K, committed 17408K, reserved 1048576K
}
Event: 9065.626 GC heap after
{Heap after GC invocations=110 (full 0):
 garbage-first heap   total 405504K, used 193540K [0x0000000080000000, 0x0000000100000000)
  region size 1024K, 9 young (9216K), 9 survivors (9216K)
 Metaspace       used 128342K, capacity 131454K, committed 131584K, reserved 1163264K
  class space    used 16123K, capacity 17351K, committed 17408K, reserved 1048576K
}
Event: 9065.658 GC heap before
{Heap before GC invocations=110 (full 0):
 garbage-first heap   total 405504K, used 202756K [0x0000000080000000, 0x0000000100000000)
  region size 1024K, 19 young (19456K), 9 survivors (9216K)
 Metaspace       used 128346K, capacity 131454K, committed 131584K, reserved 1163264K
  class space    used 16123K, capacity 17351K, committed 17408K, reserved 1048576K
}
Event: 9065.669 GC heap after
{Heap after GC invocations=111 (full 0):
 garbage-first heap   total 405504K, used 192869K [0x0000000080000000, 0x0000000100000000)
  region size 1024K, 2 young (2048K), 2 survivors (2048K)
 Metaspace       used 128346K, capacity 131454K, committed 131584K, reserved 1163264K
  class space    used 16123K, capacity 17351K, committed 17408K, reserved 1048576K
}
Event: 9066.042 GC heap before
{Heap before GC invocations=111 (full 0):
 garbage-first heap   total 405504K, used 331109K [0x0000000080000000, 0x0000000100000000)
  region size 1024K, 138 young (141312K), 2 survivors (2048K)
 Metaspace       used 128755K, capacity 131878K, committed 132096K, reserved 1163264K
  class space    used 16128K, capacity 17355K, committed 17408K, reserved 1048576K
}
Event: 9066.054 GC heap after
{Heap after GC invocations=112 (full 0):
 garbage-first heap   total 405504K, used 197957K [0x0000000080000000, 0x0000000100000000)
  region size 1024K, 7 young (7168K), 7 survivors (7168K)
 Metaspace       used 128755K, capacity 131878K, committed 132096K, reserved 1163264K
  class space    used 16128K, capacity 17355K, committed 17408K, reserved 1048576K
}
Event: 9066.497 GC heap before
{Heap before GC invocations=113 (full 0):
 garbage-first heap   total 405504K, used 335173K [0x0000000080000000, 0x0000000100000000)
  region size 1024K, 141 young (144384K), 7 survivors (7168K)
 Metaspace       used 128814K, capacity 131995K, committed 132096K, reserved 1163264K
  class space    used 16123K, capacity 17347K, committed 17408K, reserved 1048576K
}

