# JRE version: OpenJDK Runtime Environment (11.0.10) (build 11.0.10+0-b96-7249189)
# Java VM: OpenJDK 64-Bit Server VM (11.0.10+0-b96-7249189, mixed mode, tiered, compressed oops, g1 gc, windows-amd64)
Heap:
 garbage-first heap   total 770048K, used 171033K [0x0000000080000000, 0x0000000100000000)
  region size 1024K, 4 young (4096K), 4 survivors (4096K)
 Metaspace       used 98658K, capacity 101647K, committed 101884K, reserved 1136640K
  class space    used 13142K, capacity 14366K, committed 14464K, reserved 1048576K
GC Heap History (20 events):
Event: 19.135 GC heap after
{Heap after GC invocations=42 (full 0):
 garbage-first heap   total 172032K, used 103888K [0x0000000080000000, 0x0000000100000000)
  region size 1024K, 6 young (6144K), 6 survivors (6144K)
 Metaspace       used 87856K, capacity 89911K, committed 90236K, reserved 1128448K
  class space    used 11379K, capacity 12164K, committed 12288K, reserved 1048576K
}
Event: 19.195 GC heap before
{Heap before GC invocations=42 (full 0):
 garbage-first heap   total 172032K, used 134608K [0x0000000080000000, 0x0000000100000000)
  region size 1024K, 37 young (37888K), 6 survivors (6144K)
 Metaspace       used 88077K, capacity 90147K, committed 90236K, reserved 1128448K
  class space    used 11403K, capacity 12200K, committed 12288K, reserved 1048576K
}
Event: 19.200 GC heap after
{Heap after GC invocations=43 (full 0):
 garbage-first heap   total 172032K, used 109379K [0x0000000080000000, 0x0000000100000000)
  region size 1024K, 5 young (5120K), 5 survivors (5120K)
 Metaspace       used 88077K, capacity 90147K, committed 90236K, reserved 1128448K
  class space    used 11403K, capacity 12200K, committed 12288K, reserved 1048576K
}
Event: 19.280 GC heap before
{Heap before GC invocations=43 (full 0):
 garbage-first heap   total 172032K, used 136003K [0x0000000080000000, 0x0000000100000000)
  region size 1024K, 32 young (32768K), 5 survivors (5120K)
 Metaspace       used 88374K, capacity 90435K, committed 90492K, reserved 1128448K
  class space    used 11442K, capacity 12232K, committed 12288K, reserved 1048576K
}
Event: 19.300 GC heap after
{Heap after GC invocations=44 (full 0):
 garbage-first heap   total 228352K, used 116210K [0x0000000080000000, 0x0000000100000000)
  region size 1024K, 4 young (4096K), 4 survivors (4096K)
 Metaspace       used 88374K, capacity 90435K, committed 90492K, reserved 1128448K
  class space    used 11442K, capacity 12232K, committed 12288K, reserved 1048576K
}
Event: 19.874 GC heap before
{Heap before GC invocations=45 (full 0):
 garbage-first heap   total 228352K, used 165362K [0x0000000080000000, 0x0000000100000000)
  region size 1024K, 53 young (54272K), 4 survivors (4096K)
 Metaspace       used 90942K, capacity 93278K, committed 93564K, reserved 1130496K
  class space    used 11853K, capacity 12761K, committed 12800K, reserved 1048576K
}
Event: 19.886 GC heap after
{Heap after GC invocations=46 (full 0):
 garbage-first heap   total 228352K, used 122880K [0x0000000080000000, 0x0000000100000000)
  region size 1024K, 7 young (7168K), 7 survivors (7168K)
 Metaspace       used 90942K, capacity 93278K, committed 93564K, reserved 1130496K
  class space    used 11853K, capacity 12761K, committed 12800K, reserved 1048576K
}
Event: 19.984 GC heap before
{Heap before GC invocations=46 (full 0):
 garbage-first heap   total 228352K, used 172032K [0x0000000080000000, 0x0000000100000000)
  region size 1024K, 55 young (56320K), 7 survivors (7168K)
 Metaspace       used 91283K, capacity 93621K, committed 93948K, reserved 1130496K
  class space    used 11912K, capacity 12813K, committed 12928K, reserved 1048576K
}
Event: 20.006 GC heap after
{Heap after GC invocations=47 (full 0):
 garbage-first heap   total 228352K, used 132195K [0x0000000080000000, 0x0000000100000000)
  region size 1024K, 7 young (7168K), 7 survivors (7168K)
 Metaspace       used 91283K, capacity 93621K, committed 93948K, reserved 1130496K
  class space    used 11912K, capacity 12813K, committed 12928K, reserved 1048576K
}
Event: 20.274 GC heap before
{Heap before GC invocations=47 (full 0):
 garbage-first heap   total 228352K, used 177251K [0x0000000080000000, 0x0000000100000000)
  region size 1024K, 51 young (52224K), 7 survivors (7168K)
 Metaspace       used 92144K, capacity 94486K, committed 94844K, reserved 1130496K
  class space    used 12019K, capacity 12949K, committed 13056K, reserved 1048576K
}
Event: 20.299 GC heap after
{Heap after GC invocations=48 (full 0):
 garbage-first heap   total 228352K, used 141051K [0x0000000080000000, 0x0000000100000000)
  region size 1024K, 7 young (7168K), 7 survivors (7168K)
 Metaspace       used 92144K, capacity 94486K, committed 94844K, reserved 1130496K
  class space    used 12019K, capacity 12949K, committed 13056K, reserved 1048576K
}
Event: 20.353 GC heap before
{Heap before GC invocations=49 (full 0):
 garbage-first heap   total 228352K, used 182011K [0x0000000080000000, 0x0000000100000000)
  region size 1024K, 47 young (48128K), 7 survivors (7168K)
 Metaspace       used 92282K, capacity 94615K, committed 94844K, reserved 1130496K
  class space    used 12038K, capacity 12949K, committed 13056K, reserved 1048576K
}
Event: 20.407 GC heap after
{Heap after GC invocations=50 (full 0):
 garbage-first heap   total 437248K, used 149071K [0x0000000080000000, 0x0000000100000000)
  region size 1024K, 6 young (6144K), 6 survivors (6144K)
 Metaspace       used 92282K, capacity 94615K, committed 94844K, reserved 1130496K
  class space    used 12038K, capacity 12949K, committed 13056K, reserved 1048576K
}
Event: 20.443 GC heap before
{Heap before GC invocations=50 (full 0):
 garbage-first heap   total 437248K, used 164431K [0x0000000080000000, 0x0000000100000000)
  region size 1024K, 21 young (21504K), 6 survivors (6144K)
 Metaspace       used 92412K, capacity 94780K, committed 95100K, reserved 1132544K
  class space    used 12054K, capacity 12981K, committed 13056K, reserved 1048576K
}
Event: 20.455 GC heap after
{Heap after GC invocations=51 (full 0):
 garbage-first heap   total 437248K, used 152576K [0x0000000080000000, 0x0000000100000000)
  region size 1024K, 3 young (3072K), 3 survivors (3072K)
 Metaspace       used 92412K, capacity 94780K, committed 95100K, reserved 1132544K
  class space    used 12054K, capacity 12981K, committed 13056K, reserved 1048576K
}
Event: 21.318 GC heap before
{Heap before GC invocations=51 (full 0):
 garbage-first heap   total 437248K, used 254976K [0x0000000080000000, 0x0000000100000000)
  region size 1024K, 104 young (106496K), 3 survivors (3072K)
 Metaspace       used 97601K, capacity 100469K, committed 100732K, reserved 1136640K
  class space    used 13056K, capacity 14238K, committed 14336K, reserved 1048576K
}
Event: 21.338 GC heap after
{Heap after GC invocations=52 (full 0):
 garbage-first heap   total 437248K, used 166912K [0x0000000080000000, 0x0000000100000000)
  region size 1024K, 13 young (13312K), 13 survivors (13312K)
 Metaspace       used 97601K, capacity 100469K, committed 100732K, reserved 1136640K
  class space    used 13056K, capacity 14238K, committed 14336K, reserved 1048576K
}
Event: 21.723 GC heap before
{Heap before GC invocations=52 (full 0):
 garbage-first heap   total 437248K, used 282624K [0x0000000080000000, 0x0000000100000000)
  region size 1024K, 127 young (130048K), 13 survivors (13312K)
 Metaspace       used 98394K, capacity 101381K, committed 101500K, reserved 1136640K
  class space    used 13125K, capacity 14320K, committed 14336K, reserved 1048576K
}
Event: 21.751 GC heap after
{Heap after GC invocations=53 (full 0):
 garbage-first heap   total 437248K, used 171212K [0x0000000080000000, 0x0000000100000000)
  region size 1024K, 4 young (4096K), 4 survivors (4096K)
 Metaspace       used 98394K, capacity 101381K, committed 101500K, reserved 1136640K
  class space    used 13125K, capacity 14320K, committed 14336K, reserved 1048576K
}
Event: 22.171 GC heap before
{Heap before GC invocations=53 (full 0):
 garbage-first heap   total 437248K, used 301260K [0x0000000080000000, 0x0000000100000000)
  region size 1024K, 131 young (134144K), 4 survivors (4096K)
 Metaspace       used 98658K, capacity 101647K, committed 101884K, reserved 1136640K
  class space    used 13142K, capacity 14366K, committed 14464K, reserved 1048576K
}

